2025-06-09 23:16:25,875 - __main__ - INFO - Starting MAIN function of sample_data.py
2025-06-09 23:16:25,875 - __main__ - INFO - Entered Reset table function.
2025-06-09 23:16:26,579 - __main__ - ERROR - Reset table error: {'message': 'relation "public.Budgets" does not exist', 'code': '42P01', 'hint': None, 'details': None}
2025-06-09 23:16:26,579 - __main__ - INFO - Entered the insert users function
2025-06-09 23:16:26,693 - __main__ - INFO - Inserted into users, recieved response: data=[{'user_id': 3, 'name': 'Mark Carter', 'email': 'ahenderson@example.org'}] count=None
2025-06-09 23:16:26,693 - __main__ - INFO - uid:3
2025-06-09 23:16:26,805 - __main__ - INFO - Inserted into users, recieved response: data=[{'user_id': 4, 'name': 'James Hayes', 'email': 'lopezangel@example.com'}] count=None
2025-06-09 23:16:26,806 - __main__ - INFO - uid:4
2025-06-09 23:16:26,907 - __main__ - INFO - Inserted into users, recieved response: data=[{'user_id': 5, 'name': 'Susan Jackson', 'email': 'jamespeterson@example.com'}] count=None
2025-06-09 23:16:26,908 - __main__ - INFO - uid:5
2025-06-09 23:16:27,005 - __main__ - INFO - Inserted into users, recieved response: data=[{'user_id': 6, 'name': 'Natasha Myers', 'email': 'ramirezjeremy@example.org'}] count=None
2025-06-09 23:16:27,005 - __main__ - INFO - uid:6
2025-06-09 23:16:27,113 - __main__ - INFO - Inserted into users, recieved response: data=[{'user_id': 7, 'name': 'James Stone', 'email': 'jonesheather@example.org'}] count=None
2025-06-09 23:16:27,114 - __main__ - INFO - uid:7
2025-06-09 23:16:27,220 - __main__ - INFO - Inserted into users, recieved response: data=[{'user_id': 8, 'name': 'Gloria Campbell', 'email': 'ronnielewis@example.com'}] count=None
2025-06-09 23:16:27,221 - __main__ - INFO - uid:8
2025-06-09 23:16:27,326 - __main__ - INFO - Inserted into users, recieved response: data=[{'user_id': 9, 'name': 'Megan Rivera', 'email': 'yholmes@example.com'}] count=None
2025-06-09 23:16:27,326 - __main__ - INFO - uid:9
2025-06-09 23:16:27,426 - __main__ - INFO - Inserted into users, recieved response: data=[{'user_id': 10, 'name': 'Michael Anderson', 'email': 'reillyrachel@example.com'}] count=None
2025-06-09 23:16:27,426 - __main__ - INFO - uid:10
2025-06-09 23:16:27,536 - __main__ - INFO - Inserted into users, recieved response: data=[{'user_id': 11, 'name': 'Kristine Payne', 'email': 'lucerojoshua@example.net'}] count=None
2025-06-09 23:16:27,536 - __main__ - INFO - uid:11
2025-06-09 23:16:27,643 - __main__ - INFO - Inserted into users, recieved response: data=[{'user_id': 12, 'name': 'Nancy Johnson', 'email': 'reidalexander@example.net'}] count=None
2025-06-09 23:16:27,643 - __main__ - INFO - uid:12
2025-06-09 23:16:27,643 - __main__ - INFO - User IDS: [3, 4, 5, 6, 7, 8, 9, 10, 11, 12]
2025-06-09 23:16:27,643 - __main__ - INFO - Inserting accounts function
2025-06-09 23:16:27,781 - __main__ - INFO - Inserted into accounts, recieved response: data=[{'account_id': 1, 'user_id': 3, 'account_name': 'Class Account', 'balance': 8935.95}] count=None
2025-06-09 23:16:27,781 - __main__ - ERROR - Error in inserting accounts:'id'
2025-06-09 23:16:27,781 - __main__ - INFO - Inserting categories function
2025-06-09 23:16:27,895 - __main__ - ERROR - Error in insert categories: 'id'
2025-06-09 23:16:27,896 - __main__ - INFO - Inserting transactions.
2025-06-09 23:16:27,896 - __main__ - ERROR - Error in inserting transactions: Cannot choose from an empty sequence
2025-06-09 23:16:27,896 - __main__ - INFO - Inserting budgets.
2025-06-09 23:16:27,896 - __main__ - INFO - process finished.
