2025-06-09 23:22:01,853 - __main__ - INFO - Starting MAIN function of sample_data.py
2025-06-09 23:22:01,854 - __main__ - INFO - Entered Reset table function.
2025-06-09 23:22:02,312 - __main__ - ERROR - Reset table error: {'message': 'relation "public.Budgets" does not exist', 'code': '42P01', 'hint': None, 'details': None}
2025-06-09 23:22:02,313 - __main__ - INFO - Entered the insert users function
2025-06-09 23:22:02,428 - __main__ - INFO - Inserted into users, recieved response: data=[{'user_id': 13, 'name': 'Donna Cowan', 'email': 'jeffrey02@example.com'}] count=None
2025-06-09 23:22:02,428 - __main__ - INFO - uid:13
2025-06-09 23:22:02,525 - __main__ - INFO - Inserted into users, recieved response: data=[{'user_id': 14, 'name': 'Troy Jones', 'email': 'carolyn56@example.org'}] count=None
2025-06-09 23:22:02,526 - __main__ - INFO - uid:14
2025-06-09 23:22:02,639 - __main__ - INFO - Inserted into users, recieved response: data=[{'user_id': 15, 'name': 'Dennis Martinez', 'email': 'suzanne33@example.com'}] count=None
2025-06-09 23:22:02,640 - __main__ - INFO - uid:15
2025-06-09 23:22:02,740 - __main__ - INFO - Inserted into users, recieved response: data=[{'user_id': 16, 'name': 'Deborah Pennington', 'email': 'kenneth77@example.com'}] count=None
2025-06-09 23:22:02,740 - __main__ - INFO - uid:16
2025-06-09 23:22:02,856 - __main__ - INFO - Inserted into users, recieved response: data=[{'user_id': 17, 'name': 'Brett Flores', 'email': 'medinamark@example.org'}] count=None
2025-06-09 23:22:02,856 - __main__ - INFO - uid:17
2025-06-09 23:22:02,964 - __main__ - INFO - Inserted into users, recieved response: data=[{'user_id': 18, 'name': 'Ashley Figueroa', 'email': 'jasmine29@example.org'}] count=None
2025-06-09 23:22:02,965 - __main__ - INFO - uid:18
2025-06-09 23:22:03,067 - __main__ - INFO - Inserted into users, recieved response: data=[{'user_id': 19, 'name': 'Shannon Mckee', 'email': 'fmorgan@example.org'}] count=None
2025-06-09 23:22:03,068 - __main__ - INFO - uid:19
2025-06-09 23:22:03,185 - __main__ - INFO - Inserted into users, recieved response: data=[{'user_id': 20, 'name': 'Joseph Beck', 'email': 'reneethompson@example.net'}] count=None
2025-06-09 23:22:03,185 - __main__ - INFO - uid:20
2025-06-09 23:22:03,292 - __main__ - INFO - Inserted into users, recieved response: data=[{'user_id': 21, 'name': 'Evan Carroll', 'email': 'lstokes@example.net'}] count=None
2025-06-09 23:22:03,292 - __main__ - INFO - uid:21
2025-06-09 23:22:03,398 - __main__ - INFO - Inserted into users, recieved response: data=[{'user_id': 22, 'name': 'Alyssa Flowers', 'email': 'mendozapeter@example.org'}] count=None
2025-06-09 23:22:03,398 - __main__ - INFO - uid:22
2025-06-09 23:22:03,398 - __main__ - INFO - User IDS: [13, 14, 15, 16, 17, 18, 19, 20, 21, 22]
2025-06-09 23:22:03,398 - __main__ - INFO - Inserting accounts function
2025-06-09 23:22:03,499 - __main__ - INFO - Inserted into accounts, recieved response: data=[{'account_id': 2, 'user_id': 13, 'account_name': 'Kitchen Account', 'balance': 2842.78}] count=None
2025-06-09 23:22:03,599 - __main__ - INFO - Inserted into accounts, recieved response: data=[{'account_id': 3, 'user_id': 14, 'account_name': 'You Account', 'balance': 8611.99}] count=None
2025-06-09 23:22:03,710 - __main__ - INFO - Inserted into accounts, recieved response: data=[{'account_id': 4, 'user_id': 15, 'account_name': 'Tough Account', 'balance': 4880.42}] count=None
2025-06-09 23:22:03,808 - __main__ - INFO - Inserted into accounts, recieved response: data=[{'account_id': 5, 'user_id': 16, 'account_name': 'On Account', 'balance': 5619.79}] count=None
2025-06-09 23:22:03,904 - __main__ - INFO - Inserted into accounts, recieved response: data=[{'account_id': 6, 'user_id': 17, 'account_name': 'Institution Account', 'balance': 4329.45}] count=None
2025-06-09 23:22:04,001 - __main__ - INFO - Inserted into accounts, recieved response: data=[{'account_id': 7, 'user_id': 17, 'account_name': 'Yourself Account', 'balance': 6676.25}] count=None
2025-06-09 23:22:04,093 - __main__ - INFO - Inserted into accounts, recieved response: data=[{'account_id': 8, 'user_id': 18, 'account_name': 'While Account', 'balance': 7772.35}] count=None
2025-06-09 23:22:04,207 - __main__ - INFO - Inserted into accounts, recieved response: data=[{'account_id': 9, 'user_id': 19, 'account_name': 'Reveal Account', 'balance': 1445.46}] count=None
2025-06-09 23:22:04,302 - __main__ - INFO - Inserted into accounts, recieved response: data=[{'account_id': 10, 'user_id': 20, 'account_name': 'Improve Account', 'balance': 2987.32}] count=None
2025-06-09 23:22:04,392 - __main__ - INFO - Inserted into accounts, recieved response: data=[{'account_id': 11, 'user_id': 20, 'account_name': 'Miss Account', 'balance': 3649.17}] count=None
2025-06-09 23:22:04,493 - __main__ - INFO - Inserted into accounts, recieved response: data=[{'account_id': 12, 'user_id': 21, 'account_name': 'Without Account', 'balance': 3127.98}] count=None
2025-06-09 23:22:04,583 - __main__ - INFO - Inserted into accounts, recieved response: data=[{'account_id': 13, 'user_id': 22, 'account_name': 'Growth Account', 'balance': 9858.24}] count=None
2025-06-09 23:22:04,676 - __main__ - INFO - Inserted into accounts, recieved response: data=[{'account_id': 14, 'user_id': 22, 'account_name': 'World Account', 'balance': 3623.51}] count=None
2025-06-09 23:22:04,676 - __main__ - INFO - account ids: [2, 3, 4, 5, 6, 7, 8, 9, 10, 11, 12, 13, 14]
2025-06-09 23:22:04,676 - __main__ - INFO - Inserting categories function
2025-06-09 23:22:05,277 - __main__ - INFO - Exiting insert categories
2025-06-09 23:22:05,277 - __main__ - INFO - Inserting transactions.
2025-06-09 23:22:05,388 - __main__ - INFO - Transacction insertion status: data=[{'transaction_id': 1, 'account_id': 7, 'category_id': 8, 'amount': 289.16, 'transaction_date': '2025-05-09', 'description': 'Education control fine.'}] count=None
2025-06-09 23:22:05,489 - __main__ - INFO - Transacction insertion status: data=[{'transaction_id': 2, 'account_id': 5, 'category_id': 6, 'amount': 3864.56, 'transaction_date': '2025-03-11', 'description': 'Look term.'}] count=None
2025-06-09 23:22:05,606 - __main__ - INFO - Transacction insertion status: data=[{'transaction_id': 3, 'account_id': 12, 'category_id': 6, 'amount': 1081.38, 'transaction_date': '2025-03-18', 'description': 'Run sign.'}] count=None
2025-06-09 23:22:05,706 - __main__ - INFO - Transacction insertion status: data=[{'transaction_id': 4, 'account_id': 13, 'category_id': 5, 'amount': 2312.25, 'transaction_date': '2025-03-14', 'description': 'Whom president music.'}] count=None
2025-06-09 23:22:05,798 - __main__ - INFO - Transacction insertion status: data=[{'transaction_id': 5, 'account_id': 5, 'category_id': 4, 'amount': 1633.8, 'transaction_date': '2025-05-31', 'description': 'Suffer although activity player.'}] count=None
2025-06-09 23:22:05,905 - __main__ - INFO - Transacction insertion status: data=[{'transaction_id': 6, 'account_id': 11, 'category_id': 8, 'amount': 978.38, 'transaction_date': '2025-06-05', 'description': 'Maintain meeting expect.'}] count=None
2025-06-09 23:22:05,994 - __main__ - INFO - Transacction insertion status: data=[{'transaction_id': 7, 'account_id': 2, 'category_id': 9, 'amount': 1490.32, 'transaction_date': '2025-06-05', 'description': 'Lawyer it.'}] count=None
2025-06-09 23:22:06,088 - __main__ - INFO - Transacction insertion status: data=[{'transaction_id': 8, 'account_id': 2, 'category_id': 4, 'amount': 619.48, 'transaction_date': '2025-05-03', 'description': 'Effort purpose risk.'}] count=None
2025-06-09 23:22:06,183 - __main__ - INFO - Transacction insertion status: data=[{'transaction_id': 9, 'account_id': 9, 'category_id': 4, 'amount': 1371.75, 'transaction_date': '2025-04-13', 'description': 'Buy interview magazine.'}] count=None
2025-06-09 23:22:06,286 - __main__ - INFO - Transacction insertion status: data=[{'transaction_id': 10, 'account_id': 10, 'category_id': 6, 'amount': 577.04, 'transaction_date': '2025-05-06', 'description': 'Democratic the.'}] count=None
2025-06-09 23:22:06,375 - __main__ - INFO - Transacction insertion status: data=[{'transaction_id': 11, 'account_id': 3, 'category_id': 6, 'amount': 3559.88, 'transaction_date': '2025-05-05', 'description': 'Economic according national.'}] count=None
2025-06-09 23:22:06,479 - __main__ - INFO - Transacction insertion status: data=[{'transaction_id': 12, 'account_id': 3, 'category_id': 8, 'amount': 665.15, 'transaction_date': '2025-05-01', 'description': 'Eight live.'}] count=None
2025-06-09 23:22:06,569 - __main__ - INFO - Transacction insertion status: data=[{'transaction_id': 13, 'account_id': 7, 'category_id': 9, 'amount': 2273.13, 'transaction_date': '2025-04-12', 'description': 'Answer their.'}] count=None
2025-06-09 23:22:06,662 - __main__ - INFO - Transacction insertion status: data=[{'transaction_id': 14, 'account_id': 11, 'category_id': 8, 'amount': 2149.28, 'transaction_date': '2025-05-01', 'description': 'When result.'}] count=None
2025-06-09 23:22:06,755 - __main__ - INFO - Transacction insertion status: data=[{'transaction_id': 15, 'account_id': 2, 'category_id': 9, 'amount': 424.67, 'transaction_date': '2025-05-03', 'description': 'Administration there nothing.'}] count=None
2025-06-09 23:22:06,850 - __main__ - INFO - Transacction insertion status: data=[{'transaction_id': 16, 'account_id': 9, 'category_id': 7, 'amount': 4679.7, 'transaction_date': '2025-05-21', 'description': 'Suggest home court.'}] count=None
2025-06-09 23:22:06,962 - __main__ - INFO - Transacction insertion status: data=[{'transaction_id': 17, 'account_id': 9, 'category_id': 6, 'amount': 3498.41, 'transaction_date': '2025-04-07', 'description': 'List might leg.'}] count=None
2025-06-09 23:22:07,060 - __main__ - INFO - Transacction insertion status: data=[{'transaction_id': 18, 'account_id': 3, 'category_id': 6, 'amount': 4335.6, 'transaction_date': '2025-06-06', 'description': 'South music.'}] count=None
2025-06-09 23:22:07,176 - __main__ - INFO - Transacction insertion status: data=[{'transaction_id': 19, 'account_id': 7, 'category_id': 4, 'amount': 4331.39, 'transaction_date': '2025-04-10', 'description': 'Important easy.'}] count=None
2025-06-09 23:22:07,320 - __main__ - INFO - Transacction insertion status: data=[{'transaction_id': 20, 'account_id': 8, 'category_id': 7, 'amount': 1906.49, 'transaction_date': '2025-03-25', 'description': 'Health factor do.'}] count=None
2025-06-09 23:22:07,415 - __main__ - INFO - Transacction insertion status: data=[{'transaction_id': 21, 'account_id': 13, 'category_id': 6, 'amount': 896.5, 'transaction_date': '2025-05-10', 'description': 'Wear see back.'}] count=None
2025-06-09 23:22:07,508 - __main__ - INFO - Transacction insertion status: data=[{'transaction_id': 22, 'account_id': 14, 'category_id': 5, 'amount': 2160.99, 'transaction_date': '2025-04-07', 'description': 'Sign piece any husband.'}] count=None
2025-06-09 23:22:07,598 - __main__ - INFO - Transacction insertion status: data=[{'transaction_id': 23, 'account_id': 13, 'category_id': 4, 'amount': 1305.23, 'transaction_date': '2025-05-28', 'description': 'First daughter rather.'}] count=None
2025-06-09 23:22:07,695 - __main__ - INFO - Transacction insertion status: data=[{'transaction_id': 24, 'account_id': 3, 'category_id': 4, 'amount': 617.44, 'transaction_date': '2025-05-05', 'description': 'Hot.'}] count=None
2025-06-09 23:22:07,786 - __main__ - INFO - Transacction insertion status: data=[{'transaction_id': 25, 'account_id': 10, 'category_id': 7, 'amount': 4766.39, 'transaction_date': '2025-05-30', 'description': 'Assume conference watch.'}] count=None
2025-06-09 23:22:07,893 - __main__ - INFO - Transacction insertion status: data=[{'transaction_id': 26, 'account_id': 14, 'category_id': 6, 'amount': 2188.66, 'transaction_date': '2025-03-31', 'description': 'Most drug.'}] count=None
2025-06-09 23:22:07,999 - __main__ - INFO - Transacction insertion status: data=[{'transaction_id': 27, 'account_id': 11, 'category_id': 7, 'amount': 2168.58, 'transaction_date': '2025-04-15', 'description': 'Any population.'}] count=None
2025-06-09 23:22:08,095 - __main__ - INFO - Transacction insertion status: data=[{'transaction_id': 28, 'account_id': 4, 'category_id': 4, 'amount': 2749.59, 'transaction_date': '2025-04-03', 'description': 'Bad sign senior.'}] count=None
2025-06-09 23:22:08,190 - __main__ - INFO - Transacction insertion status: data=[{'transaction_id': 29, 'account_id': 12, 'category_id': 6, 'amount': 1695.21, 'transaction_date': '2025-05-11', 'description': 'Us take.'}] count=None
2025-06-09 23:22:08,289 - __main__ - INFO - Transacction insertion status: data=[{'transaction_id': 30, 'account_id': 13, 'category_id': 9, 'amount': 933.48, 'transaction_date': '2025-04-15', 'description': 'Sound school.'}] count=None
2025-06-09 23:22:08,394 - __main__ - INFO - Transacction insertion status: data=[{'transaction_id': 31, 'account_id': 7, 'category_id': 6, 'amount': 4764.87, 'transaction_date': '2025-04-29', 'description': 'Mention class make.'}] count=None
2025-06-09 23:22:08,487 - __main__ - INFO - Transacction insertion status: data=[{'transaction_id': 32, 'account_id': 3, 'category_id': 6, 'amount': 3049.84, 'transaction_date': '2025-03-18', 'description': 'Certainly affect audience.'}] count=None
2025-06-09 23:22:08,719 - __main__ - INFO - Transacction insertion status: data=[{'transaction_id': 33, 'account_id': 9, 'category_id': 8, 'amount': 1551.0, 'transaction_date': '2025-05-09', 'description': 'Meeting determine policy.'}] count=None
2025-06-09 23:22:08,816 - __main__ - INFO - Transacction insertion status: data=[{'transaction_id': 34, 'account_id': 8, 'category_id': 4, 'amount': 1424.78, 'transaction_date': '2025-03-20', 'description': 'Gun.'}] count=None
2025-06-09 23:22:08,911 - __main__ - INFO - Transacction insertion status: data=[{'transaction_id': 35, 'account_id': 7, 'category_id': 4, 'amount': 749.5, 'transaction_date': '2025-04-14', 'description': 'Music read support.'}] count=None
2025-06-09 23:22:09,008 - __main__ - INFO - Transacction insertion status: data=[{'transaction_id': 36, 'account_id': 3, 'category_id': 7, 'amount': 1513.58, 'transaction_date': '2025-04-03', 'description': 'Know card affect.'}] count=None
2025-06-09 23:22:09,104 - __main__ - INFO - Transacction insertion status: data=[{'transaction_id': 37, 'account_id': 10, 'category_id': 7, 'amount': 2627.34, 'transaction_date': '2025-03-15', 'description': 'Century with defense.'}] count=None
2025-06-09 23:22:09,212 - __main__ - INFO - Transacction insertion status: data=[{'transaction_id': 38, 'account_id': 14, 'category_id': 4, 'amount': 2895.04, 'transaction_date': '2025-05-19', 'description': 'If talk central.'}] count=None
2025-06-09 23:22:09,317 - __main__ - INFO - Transacction insertion status: data=[{'transaction_id': 39, 'account_id': 11, 'category_id': 6, 'amount': 375.56, 'transaction_date': '2025-06-05', 'description': 'West house way.'}] count=None
2025-06-09 23:22:09,426 - __main__ - INFO - Transacction insertion status: data=[{'transaction_id': 40, 'account_id': 7, 'category_id': 6, 'amount': 4262.19, 'transaction_date': '2025-05-21', 'description': 'Because daughter late.'}] count=None
2025-06-09 23:22:09,520 - __main__ - INFO - Transacction insertion status: data=[{'transaction_id': 41, 'account_id': 10, 'category_id': 9, 'amount': 2971.67, 'transaction_date': '2025-04-09', 'description': 'Democratic green large.'}] count=None
2025-06-09 23:22:09,612 - __main__ - INFO - Transacction insertion status: data=[{'transaction_id': 42, 'account_id': 7, 'category_id': 7, 'amount': 4079.11, 'transaction_date': '2025-06-03', 'description': 'Work bar.'}] count=None
2025-06-09 23:22:09,714 - __main__ - INFO - Transacction insertion status: data=[{'transaction_id': 43, 'account_id': 2, 'category_id': 8, 'amount': 194.02, 'transaction_date': '2025-05-09', 'description': 'Thought their.'}] count=None
2025-06-09 23:22:09,825 - __main__ - INFO - Transacction insertion status: data=[{'transaction_id': 44, 'account_id': 9, 'category_id': 9, 'amount': 1242.31, 'transaction_date': '2025-05-30', 'description': 'Week director six.'}] count=None
2025-06-09 23:22:09,932 - __main__ - INFO - Transacction insertion status: data=[{'transaction_id': 45, 'account_id': 6, 'category_id': 7, 'amount': 988.43, 'transaction_date': '2025-05-23', 'description': 'Population mind.'}] count=None
2025-06-09 23:22:10,028 - __main__ - INFO - Transacction insertion status: data=[{'transaction_id': 46, 'account_id': 9, 'category_id': 4, 'amount': 586.01, 'transaction_date': '2025-05-13', 'description': 'Act manage.'}] count=None
2025-06-09 23:22:10,123 - __main__ - INFO - Transacction insertion status: data=[{'transaction_id': 47, 'account_id': 8, 'category_id': 7, 'amount': 3486.86, 'transaction_date': '2025-04-27', 'description': 'Well crime mind miss.'}] count=None
2025-06-09 23:22:10,227 - __main__ - INFO - Transacction insertion status: data=[{'transaction_id': 48, 'account_id': 11, 'category_id': 8, 'amount': 1219.56, 'transaction_date': '2025-05-25', 'description': 'Speak food bit.'}] count=None
2025-06-09 23:22:10,317 - __main__ - INFO - Transacction insertion status: data=[{'transaction_id': 49, 'account_id': 10, 'category_id': 7, 'amount': 1166.46, 'transaction_date': '2025-04-22', 'description': 'Late perhaps.'}] count=None
2025-06-09 23:22:10,407 - __main__ - INFO - Transacction insertion status: data=[{'transaction_id': 50, 'account_id': 3, 'category_id': 7, 'amount': 3909.72, 'transaction_date': '2025-05-08', 'description': 'Usually increase give.'}] count=None
2025-06-09 23:22:10,510 - __main__ - INFO - Transacction insertion status: data=[{'transaction_id': 51, 'account_id': 6, 'category_id': 5, 'amount': 4442.82, 'transaction_date': '2025-05-20', 'description': 'Mind cup.'}] count=None
2025-06-09 23:22:10,603 - __main__ - INFO - Transacction insertion status: data=[{'transaction_id': 52, 'account_id': 3, 'category_id': 9, 'amount': 4315.09, 'transaction_date': '2025-05-22', 'description': 'Though pattern notice few.'}] count=None
2025-06-09 23:22:10,699 - __main__ - INFO - Transacction insertion status: data=[{'transaction_id': 53, 'account_id': 13, 'category_id': 7, 'amount': 154.49, 'transaction_date': '2025-05-28', 'description': 'Entire.'}] count=None
2025-06-09 23:22:10,803 - __main__ - INFO - Transacction insertion status: data=[{'transaction_id': 54, 'account_id': 2, 'category_id': 7, 'amount': 2667.56, 'transaction_date': '2025-05-09', 'description': 'Determine dark your.'}] count=None
2025-06-09 23:22:10,903 - __main__ - INFO - Transacction insertion status: data=[{'transaction_id': 55, 'account_id': 2, 'category_id': 4, 'amount': 1541.72, 'transaction_date': '2025-04-14', 'description': 'Ahead open.'}] count=None
2025-06-09 23:22:10,993 - __main__ - INFO - Transacction insertion status: data=[{'transaction_id': 56, 'account_id': 9, 'category_id': 6, 'amount': 3595.95, 'transaction_date': '2025-06-01', 'description': 'Vote try.'}] count=None
2025-06-09 23:22:11,099 - __main__ - INFO - Transacction insertion status: data=[{'transaction_id': 57, 'account_id': 4, 'category_id': 6, 'amount': 3997.64, 'transaction_date': '2025-06-03', 'description': 'Development work food.'}] count=None
2025-06-09 23:22:11,190 - __main__ - INFO - Transacction insertion status: data=[{'transaction_id': 58, 'account_id': 13, 'category_id': 7, 'amount': 3682.95, 'transaction_date': '2025-04-09', 'description': 'Address administration.'}] count=None
2025-06-09 23:22:11,282 - __main__ - INFO - Transacction insertion status: data=[{'transaction_id': 59, 'account_id': 4, 'category_id': 7, 'amount': 478.67, 'transaction_date': '2025-03-24', 'description': 'Four purpose everyone.'}] count=None
2025-06-09 23:22:11,374 - __main__ - INFO - Transacction insertion status: data=[{'transaction_id': 60, 'account_id': 8, 'category_id': 6, 'amount': 216.98, 'transaction_date': '2025-05-27', 'description': 'Movie exactly.'}] count=None
2025-06-09 23:22:11,469 - __main__ - INFO - Transacction insertion status: data=[{'transaction_id': 61, 'account_id': 9, 'category_id': 6, 'amount': 1492.65, 'transaction_date': '2025-03-28', 'description': 'There series.'}] count=None
2025-06-09 23:22:11,563 - __main__ - INFO - Transacction insertion status: data=[{'transaction_id': 62, 'account_id': 11, 'category_id': 6, 'amount': 3007.62, 'transaction_date': '2025-05-23', 'description': 'Successful those.'}] count=None
2025-06-09 23:22:11,670 - __main__ - INFO - Transacction insertion status: data=[{'transaction_id': 63, 'account_id': 8, 'category_id': 5, 'amount': 4071.59, 'transaction_date': '2025-03-17', 'description': 'Someone middle.'}] count=None
2025-06-09 23:22:11,763 - __main__ - INFO - Transacction insertion status: data=[{'transaction_id': 64, 'account_id': 6, 'category_id': 5, 'amount': 3078.33, 'transaction_date': '2025-05-20', 'description': 'Form child.'}] count=None
2025-06-09 23:22:11,864 - __main__ - INFO - Transacction insertion status: data=[{'transaction_id': 65, 'account_id': 12, 'category_id': 8, 'amount': 513.38, 'transaction_date': '2025-05-03', 'description': 'Call.'}] count=None
2025-06-09 23:22:11,960 - __main__ - INFO - Transacction insertion status: data=[{'transaction_id': 66, 'account_id': 11, 'category_id': 5, 'amount': 3362.89, 'transaction_date': '2025-03-11', 'description': 'Have between wish.'}] count=None
2025-06-09 23:22:12,050 - __main__ - INFO - Transacction insertion status: data=[{'transaction_id': 67, 'account_id': 12, 'category_id': 5, 'amount': 1288.33, 'transaction_date': '2025-05-27', 'description': 'Table member beautiful.'}] count=None
2025-06-09 23:22:12,150 - __main__ - INFO - Transacction insertion status: data=[{'transaction_id': 68, 'account_id': 14, 'category_id': 5, 'amount': 4289.35, 'transaction_date': '2025-05-13', 'description': 'Discuss baby almost maybe.'}] count=None
2025-06-09 23:22:12,242 - __main__ - INFO - Transacction insertion status: data=[{'transaction_id': 69, 'account_id': 5, 'category_id': 9, 'amount': 4140.89, 'transaction_date': '2025-04-16', 'description': 'Mouth writer.'}] count=None
2025-06-09 23:22:12,331 - __main__ - INFO - Transacction insertion status: data=[{'transaction_id': 70, 'account_id': 4, 'category_id': 5, 'amount': 1390.93, 'transaction_date': '2025-04-24', 'description': 'Property improve.'}] count=None
2025-06-09 23:22:12,441 - __main__ - INFO - Transacction insertion status: data=[{'transaction_id': 71, 'account_id': 11, 'category_id': 4, 'amount': 1277.05, 'transaction_date': '2025-03-22', 'description': 'Enter religious TV whose.'}] count=None
2025-06-09 23:22:12,529 - __main__ - INFO - Transacction insertion status: data=[{'transaction_id': 72, 'account_id': 11, 'category_id': 4, 'amount': 610.65, 'transaction_date': '2025-05-16', 'description': 'Range sometimes enjoy.'}] count=None
2025-06-09 23:22:12,621 - __main__ - INFO - Transacction insertion status: data=[{'transaction_id': 73, 'account_id': 12, 'category_id': 5, 'amount': 1401.88, 'transaction_date': '2025-03-29', 'description': 'Home must animal.'}] count=None
2025-06-09 23:22:12,719 - __main__ - INFO - Transacction insertion status: data=[{'transaction_id': 74, 'account_id': 2, 'category_id': 4, 'amount': 2888.55, 'transaction_date': '2025-03-14', 'description': 'We attorney.'}] count=None
2025-06-09 23:22:12,806 - __main__ - INFO - Transacction insertion status: data=[{'transaction_id': 75, 'account_id': 12, 'category_id': 6, 'amount': 1343.91, 'transaction_date': '2025-05-08', 'description': 'Process arm.'}] count=None
2025-06-09 23:22:12,906 - __main__ - INFO - Transacction insertion status: data=[{'transaction_id': 76, 'account_id': 13, 'category_id': 5, 'amount': 1153.41, 'transaction_date': '2025-03-17', 'description': 'Technology politics.'}] count=None
2025-06-09 23:22:13,117 - __main__ - INFO - Transacction insertion status: data=[{'transaction_id': 77, 'account_id': 4, 'category_id': 7, 'amount': 2731.06, 'transaction_date': '2025-05-12', 'description': 'Family day discussion.'}] count=None
2025-06-09 23:22:13,213 - __main__ - INFO - Transacction insertion status: data=[{'transaction_id': 78, 'account_id': 6, 'category_id': 4, 'amount': 4031.0, 'transaction_date': '2025-04-06', 'description': 'Last deep put beat.'}] count=None
2025-06-09 23:22:13,305 - __main__ - INFO - Transacction insertion status: data=[{'transaction_id': 79, 'account_id': 6, 'category_id': 9, 'amount': 4042.33, 'transaction_date': '2025-04-04', 'description': 'Former until tonight.'}] count=None
2025-06-09 23:22:13,401 - __main__ - INFO - Transacction insertion status: data=[{'transaction_id': 80, 'account_id': 12, 'category_id': 7, 'amount': 2267.6, 'transaction_date': '2025-04-18', 'description': 'Me guess.'}] count=None
2025-06-09 23:22:13,524 - __main__ - INFO - Transacction insertion status: data=[{'transaction_id': 81, 'account_id': 4, 'category_id': 7, 'amount': 4665.3, 'transaction_date': '2025-03-17', 'description': 'Fund.'}] count=None
2025-06-09 23:22:13,630 - __main__ - INFO - Transacction insertion status: data=[{'transaction_id': 82, 'account_id': 2, 'category_id': 6, 'amount': 2353.5, 'transaction_date': '2025-05-26', 'description': 'Customer.'}] count=None
2025-06-09 23:22:13,726 - __main__ - INFO - Transacction insertion status: data=[{'transaction_id': 83, 'account_id': 7, 'category_id': 7, 'amount': 481.49, 'transaction_date': '2025-06-06', 'description': 'Relate there majority.'}] count=None
2025-06-09 23:22:13,834 - __main__ - INFO - Transacction insertion status: data=[{'transaction_id': 84, 'account_id': 7, 'category_id': 6, 'amount': 710.26, 'transaction_date': '2025-04-23', 'description': 'Nature.'}] count=None
2025-06-09 23:22:13,938 - __main__ - INFO - Transacction insertion status: data=[{'transaction_id': 85, 'account_id': 2, 'category_id': 8, 'amount': 1900.11, 'transaction_date': '2025-04-14', 'description': 'Man mission area factor.'}] count=None
2025-06-09 23:22:14,042 - __main__ - INFO - Transacction insertion status: data=[{'transaction_id': 86, 'account_id': 12, 'category_id': 4, 'amount': 843.3, 'transaction_date': '2025-05-05', 'description': 'Remember.'}] count=None
2025-06-09 23:22:14,169 - __main__ - INFO - Transacction insertion status: data=[{'transaction_id': 87, 'account_id': 2, 'category_id': 7, 'amount': 2424.87, 'transaction_date': '2025-03-11', 'description': 'Move not.'}] count=None
2025-06-09 23:22:14,258 - __main__ - INFO - Transacction insertion status: data=[{'transaction_id': 88, 'account_id': 12, 'category_id': 7, 'amount': 4672.32, 'transaction_date': '2025-04-26', 'description': 'Forget war.'}] count=None
2025-06-09 23:22:14,350 - __main__ - INFO - Transacction insertion status: data=[{'transaction_id': 89, 'account_id': 11, 'category_id': 9, 'amount': 456.11, 'transaction_date': '2025-06-07', 'description': 'Down watch.'}] count=None
2025-06-09 23:22:14,457 - __main__ - INFO - Transacction insertion status: data=[{'transaction_id': 90, 'account_id': 8, 'category_id': 8, 'amount': 2668.84, 'transaction_date': '2025-05-14', 'description': 'Hold finally make.'}] count=None
2025-06-09 23:22:14,551 - __main__ - INFO - Transacction insertion status: data=[{'transaction_id': 91, 'account_id': 10, 'category_id': 8, 'amount': 203.74, 'transaction_date': '2025-06-08', 'description': 'Store thus just.'}] count=None
2025-06-09 23:22:14,646 - __main__ - INFO - Transacction insertion status: data=[{'transaction_id': 92, 'account_id': 4, 'category_id': 4, 'amount': 3570.66, 'transaction_date': '2025-04-05', 'description': 'Reveal south home.'}] count=None
2025-06-09 23:22:14,755 - __main__ - INFO - Transacction insertion status: data=[{'transaction_id': 93, 'account_id': 3, 'category_id': 5, 'amount': 1953.39, 'transaction_date': '2025-05-24', 'description': 'Then no.'}] count=None
2025-06-09 23:22:14,858 - __main__ - INFO - Transacction insertion status: data=[{'transaction_id': 94, 'account_id': 2, 'category_id': 7, 'amount': 3178.61, 'transaction_date': '2025-04-09', 'description': 'Add court.'}] count=None
2025-06-09 23:22:14,948 - __main__ - INFO - Transacction insertion status: data=[{'transaction_id': 95, 'account_id': 13, 'category_id': 9, 'amount': 1585.53, 'transaction_date': '2025-05-20', 'description': 'Top.'}] count=None
2025-06-09 23:22:15,049 - __main__ - INFO - Transacction insertion status: data=[{'transaction_id': 96, 'account_id': 9, 'category_id': 4, 'amount': 1801.34, 'transaction_date': '2025-04-16', 'description': 'Challenge speak.'}] count=None
2025-06-09 23:22:15,150 - __main__ - INFO - Transacction insertion status: data=[{'transaction_id': 97, 'account_id': 10, 'category_id': 8, 'amount': 1454.23, 'transaction_date': '2025-04-25', 'description': 'Pay situation.'}] count=None
2025-06-09 23:22:15,248 - __main__ - INFO - Transacction insertion status: data=[{'transaction_id': 98, 'account_id': 14, 'category_id': 9, 'amount': 4579.42, 'transaction_date': '2025-05-27', 'description': 'On site half.'}] count=None
2025-06-09 23:22:15,341 - __main__ - INFO - Transacction insertion status: data=[{'transaction_id': 99, 'account_id': 6, 'category_id': 7, 'amount': 1374.82, 'transaction_date': '2025-04-22', 'description': 'Until recent behind.'}] count=None
2025-06-09 23:22:15,442 - __main__ - INFO - Transacction insertion status: data=[{'transaction_id': 100, 'account_id': 10, 'category_id': 5, 'amount': 589.45, 'transaction_date': '2025-05-12', 'description': 'Cup theory.'}] count=None
2025-06-09 23:22:15,442 - __main__ - INFO - Inserting budgets.
2025-06-09 23:22:15,545 - __main__ - INFO -  budget insertion status: data=[{'budget_id': 1, 'user_id': 13, 'category_id': 4, 'monthly_limit': 2094.95}] count=None
2025-06-09 23:22:15,636 - __main__ - INFO -  budget insertion status: data=[{'budget_id': 2, 'user_id': 13, 'category_id': 5, 'monthly_limit': 4159.54}] count=None
2025-06-09 23:22:15,738 - __main__ - INFO -  budget insertion status: data=[{'budget_id': 3, 'user_id': 13, 'category_id': 6, 'monthly_limit': 3867.74}] count=None
2025-06-09 23:22:15,830 - __main__ - INFO -  budget insertion status: data=[{'budget_id': 4, 'user_id': 13, 'category_id': 7, 'monthly_limit': 3101.34}] count=None
2025-06-09 23:22:15,940 - __main__ - INFO -  budget insertion status: data=[{'budget_id': 5, 'user_id': 13, 'category_id': 8, 'monthly_limit': 2113.77}] count=None
2025-06-09 23:22:16,036 - __main__ - INFO -  budget insertion status: data=[{'budget_id': 6, 'user_id': 13, 'category_id': 9, 'monthly_limit': 7482.51}] count=None
2025-06-09 23:22:16,134 - __main__ - INFO -  budget insertion status: data=[{'budget_id': 7, 'user_id': 14, 'category_id': 4, 'monthly_limit': 4171.56}] count=None
2025-06-09 23:22:16,247 - __main__ - INFO -  budget insertion status: data=[{'budget_id': 8, 'user_id': 14, 'category_id': 5, 'monthly_limit': 7175.63}] count=None
2025-06-09 23:22:16,341 - __main__ - INFO -  budget insertion status: data=[{'budget_id': 9, 'user_id': 14, 'category_id': 6, 'monthly_limit': 7318.51}] count=None
2025-06-09 23:22:16,430 - __main__ - INFO -  budget insertion status: data=[{'budget_id': 10, 'user_id': 14, 'category_id': 7, 'monthly_limit': 5913.75}] count=None
2025-06-09 23:22:16,525 - __main__ - INFO -  budget insertion status: data=[{'budget_id': 11, 'user_id': 14, 'category_id': 8, 'monthly_limit': 4798.71}] count=None
2025-06-09 23:22:16,618 - __main__ - INFO -  budget insertion status: data=[{'budget_id': 12, 'user_id': 14, 'category_id': 9, 'monthly_limit': 6287.1}] count=None
2025-06-09 23:22:16,715 - __main__ - INFO -  budget insertion status: data=[{'budget_id': 13, 'user_id': 15, 'category_id': 4, 'monthly_limit': 6728.42}] count=None
2025-06-09 23:22:16,822 - __main__ - INFO -  budget insertion status: data=[{'budget_id': 14, 'user_id': 15, 'category_id': 5, 'monthly_limit': 1874.96}] count=None
2025-06-09 23:22:16,925 - __main__ - INFO -  budget insertion status: data=[{'budget_id': 15, 'user_id': 15, 'category_id': 6, 'monthly_limit': 2356.49}] count=None
2025-06-09 23:22:17,033 - __main__ - INFO -  budget insertion status: data=[{'budget_id': 16, 'user_id': 15, 'category_id': 7, 'monthly_limit': 5959.33}] count=None
2025-06-09 23:22:17,134 - __main__ - INFO -  budget insertion status: data=[{'budget_id': 17, 'user_id': 15, 'category_id': 8, 'monthly_limit': 1895.21}] count=None
2025-06-09 23:22:17,238 - __main__ - INFO -  budget insertion status: data=[{'budget_id': 18, 'user_id': 15, 'category_id': 9, 'monthly_limit': 4668.45}] count=None
2025-06-09 23:22:17,327 - __main__ - INFO -  budget insertion status: data=[{'budget_id': 19, 'user_id': 16, 'category_id': 4, 'monthly_limit': 1362.04}] count=None
2025-06-09 23:22:17,441 - __main__ - INFO -  budget insertion status: data=[{'budget_id': 20, 'user_id': 16, 'category_id': 5, 'monthly_limit': 7940.22}] count=None
2025-06-09 23:22:17,530 - __main__ - INFO -  budget insertion status: data=[{'budget_id': 21, 'user_id': 16, 'category_id': 6, 'monthly_limit': 5471.1}] count=None
2025-06-09 23:22:17,636 - __main__ - INFO -  budget insertion status: data=[{'budget_id': 22, 'user_id': 16, 'category_id': 7, 'monthly_limit': 4736.85}] count=None
2025-06-09 23:22:17,724 - __main__ - INFO -  budget insertion status: data=[{'budget_id': 23, 'user_id': 16, 'category_id': 8, 'monthly_limit': 5603.4}] count=None
2025-06-09 23:22:17,814 - __main__ - INFO -  budget insertion status: data=[{'budget_id': 24, 'user_id': 16, 'category_id': 9, 'monthly_limit': 5315.32}] count=None
2025-06-09 23:22:17,905 - __main__ - INFO -  budget insertion status: data=[{'budget_id': 25, 'user_id': 17, 'category_id': 4, 'monthly_limit': 2954.9}] count=None
2025-06-09 23:22:18,012 - __main__ - INFO -  budget insertion status: data=[{'budget_id': 26, 'user_id': 17, 'category_id': 5, 'monthly_limit': 5223.56}] count=None
2025-06-09 23:22:18,101 - __main__ - INFO -  budget insertion status: data=[{'budget_id': 27, 'user_id': 17, 'category_id': 6, 'monthly_limit': 6100.61}] count=None
2025-06-09 23:22:18,187 - __main__ - INFO -  budget insertion status: data=[{'budget_id': 28, 'user_id': 17, 'category_id': 7, 'monthly_limit': 5001.93}] count=None
2025-06-09 23:22:18,285 - __main__ - INFO -  budget insertion status: data=[{'budget_id': 29, 'user_id': 17, 'category_id': 8, 'monthly_limit': 4762.7}] count=None
2025-06-09 23:22:18,381 - __main__ - INFO -  budget insertion status: data=[{'budget_id': 30, 'user_id': 17, 'category_id': 9, 'monthly_limit': 3809.97}] count=None
2025-06-09 23:22:18,469 - __main__ - INFO -  budget insertion status: data=[{'budget_id': 31, 'user_id': 18, 'category_id': 4, 'monthly_limit': 6951.37}] count=None
2025-06-09 23:22:18,578 - __main__ - INFO -  budget insertion status: data=[{'budget_id': 32, 'user_id': 18, 'category_id': 5, 'monthly_limit': 6000.18}] count=None
2025-06-09 23:22:18,682 - __main__ - INFO -  budget insertion status: data=[{'budget_id': 33, 'user_id': 18, 'category_id': 6, 'monthly_limit': 1612.72}] count=None
2025-06-09 23:22:18,773 - __main__ - INFO -  budget insertion status: data=[{'budget_id': 34, 'user_id': 18, 'category_id': 7, 'monthly_limit': 7402.86}] count=None
2025-06-09 23:22:18,877 - __main__ - INFO -  budget insertion status: data=[{'budget_id': 35, 'user_id': 18, 'category_id': 8, 'monthly_limit': 6075.35}] count=None
2025-06-09 23:22:18,969 - __main__ - INFO -  budget insertion status: data=[{'budget_id': 36, 'user_id': 18, 'category_id': 9, 'monthly_limit': 7689.14}] count=None
2025-06-09 23:22:19,070 - __main__ - INFO -  budget insertion status: data=[{'budget_id': 37, 'user_id': 19, 'category_id': 4, 'monthly_limit': 4113.97}] count=None
2025-06-09 23:22:19,156 - __main__ - INFO -  budget insertion status: data=[{'budget_id': 38, 'user_id': 19, 'category_id': 5, 'monthly_limit': 6594.31}] count=None
2025-06-09 23:22:19,247 - __main__ - INFO -  budget insertion status: data=[{'budget_id': 39, 'user_id': 19, 'category_id': 6, 'monthly_limit': 7595.26}] count=None
2025-06-09 23:22:19,339 - __main__ - INFO -  budget insertion status: data=[{'budget_id': 40, 'user_id': 19, 'category_id': 7, 'monthly_limit': 7527.86}] count=None
2025-06-09 23:22:19,435 - __main__ - INFO -  budget insertion status: data=[{'budget_id': 41, 'user_id': 19, 'category_id': 8, 'monthly_limit': 5454.84}] count=None
2025-06-09 23:22:19,536 - __main__ - INFO -  budget insertion status: data=[{'budget_id': 42, 'user_id': 19, 'category_id': 9, 'monthly_limit': 5318.83}] count=None
2025-06-09 23:22:19,624 - __main__ - INFO -  budget insertion status: data=[{'budget_id': 43, 'user_id': 20, 'category_id': 4, 'monthly_limit': 3168.01}] count=None
2025-06-09 23:22:19,713 - __main__ - INFO -  budget insertion status: data=[{'budget_id': 44, 'user_id': 20, 'category_id': 5, 'monthly_limit': 2750.74}] count=None
2025-06-09 23:22:19,809 - __main__ - INFO -  budget insertion status: data=[{'budget_id': 45, 'user_id': 20, 'category_id': 6, 'monthly_limit': 3230.17}] count=None
2025-06-09 23:22:19,903 - __main__ - INFO -  budget insertion status: data=[{'budget_id': 46, 'user_id': 20, 'category_id': 7, 'monthly_limit': 6496.37}] count=None
2025-06-09 23:22:20,007 - __main__ - INFO -  budget insertion status: data=[{'budget_id': 47, 'user_id': 20, 'category_id': 8, 'monthly_limit': 3619.17}] count=None
2025-06-09 23:22:20,095 - __main__ - INFO -  budget insertion status: data=[{'budget_id': 48, 'user_id': 20, 'category_id': 9, 'monthly_limit': 6047.34}] count=None
2025-06-09 23:22:20,199 - __main__ - INFO -  budget insertion status: data=[{'budget_id': 49, 'user_id': 21, 'category_id': 4, 'monthly_limit': 7307.13}] count=None
2025-06-09 23:22:20,287 - __main__ - INFO -  budget insertion status: data=[{'budget_id': 50, 'user_id': 21, 'category_id': 5, 'monthly_limit': 7546.38}] count=None
2025-06-09 23:22:20,376 - __main__ - INFO -  budget insertion status: data=[{'budget_id': 51, 'user_id': 21, 'category_id': 6, 'monthly_limit': 1480.68}] count=None
2025-06-09 23:22:20,468 - __main__ - INFO -  budget insertion status: data=[{'budget_id': 52, 'user_id': 21, 'category_id': 7, 'monthly_limit': 5997.33}] count=None
2025-06-09 23:22:20,555 - __main__ - INFO -  budget insertion status: data=[{'budget_id': 53, 'user_id': 21, 'category_id': 8, 'monthly_limit': 6092.6}] count=None
2025-06-09 23:22:20,641 - __main__ - INFO -  budget insertion status: data=[{'budget_id': 54, 'user_id': 21, 'category_id': 9, 'monthly_limit': 5269.09}] count=None
2025-06-09 23:22:20,733 - __main__ - INFO -  budget insertion status: data=[{'budget_id': 55, 'user_id': 22, 'category_id': 4, 'monthly_limit': 6242.75}] count=None
2025-06-09 23:22:20,827 - __main__ - INFO -  budget insertion status: data=[{'budget_id': 56, 'user_id': 22, 'category_id': 5, 'monthly_limit': 4731.45}] count=None
2025-06-09 23:22:20,920 - __main__ - INFO -  budget insertion status: data=[{'budget_id': 57, 'user_id': 22, 'category_id': 6, 'monthly_limit': 5643.16}] count=None
2025-06-09 23:22:21,011 - __main__ - INFO -  budget insertion status: data=[{'budget_id': 58, 'user_id': 22, 'category_id': 7, 'monthly_limit': 4116.65}] count=None
2025-06-09 23:22:21,115 - __main__ - INFO -  budget insertion status: data=[{'budget_id': 59, 'user_id': 22, 'category_id': 8, 'monthly_limit': 3372.19}] count=None
2025-06-09 23:22:21,221 - __main__ - INFO -  budget insertion status: data=[{'budget_id': 60, 'user_id': 22, 'category_id': 9, 'monthly_limit': 5403.8}] count=None
2025-06-09 23:22:21,222 - __main__ - INFO - process finished.
